#
# A fatal error has been detected by the Java Runtime Environment:
#
#  EXCEPTION_ACCESS_VIOLATION (0xc0000005) at pc=0x00007ffef6c658a2, pid=6700, tid=0x0000000000001900
#
# JRE version: Java(TM) SE Runtime Environment (8.0_121-b13) (build 1.8.0_121-b13)
# Java VM: Java HotSpot(TM) 64-Bit Server VM (25.121-b13 mixed mode windows-amd64 compressed oops)
# Problematic frame:
# C  [avcodec-57.dll+0x4058a2]
#
# Failed to write core dump. Minidumps are not enabled by default on client versions of Windows
#
# If you would like to submit a bug report, please visit:
#   http://bugreport.java.com/bugreport/crash.jsp
# The crash happened outside the Java Virtual Machine in native code.
# See problematic frame for where to report the bug.
#

---------------  T H R E A D  ---------------

Current thread (0x0000000018a24800):  JavaThread "Thread-4" [_thread_in_native, id=6400, stack(0x00000000240e0000,0x00000000241e0000)]

siginfo: ExceptionCode=0xc0000005, reading address 0x0000000000000000

Registers:
RAX=0x0000000000000000, RBX=0x00000000257cc840, RCX=0x00000000257cc840, RDX=0x0000000000000000
RSP=0x00000000241deae0, RBP=0x00000000257cc840, RSI=0x000000002585e280, RDI=0x000000002585e280
R8 =0x0000000000000000, R9 =0x0000000018be4d30, R10=0x0000000000000000, R11=0x0000000000000000
R12=0x000000000000021e, R13=0x0000000000000001, R14=0x00000000002bf200, R15=0x00000000257ccce0
RIP=0x00007ffef6c658a2, EFLAGS=0x0000000000010246

Top of Stack: (sp=0x00000000241deae0)
0x00000000241deae0:   0000025800000002 000000002596c900
0x00000000241deaf0:   000001dfffffffff 000001df00000001
0x00000000241deb00:   0000000400000004 00000000000001e0
0x00000000241deb10:   00000000000001e0 000000002596bfa0
0x00000000241deb20:   0000000200000000 0000000600000000
0x00000000241deb30:   0000000026a51b00 0000000000000000
0x00000000241deb40:   000000002585e280 000000002585e280
0x00000000241deb50:   00000000257cc840 000000000000021e
0x00000000241deb60:   0000000000000001 00000000002bf200
0x00000000241deb70:   00000000257ccce0 00007ffef6c75039
0x00000000241deb80:   0000000000000038 00000000241debb8
0x00000000241deb90:   00000000241debe8 0000000000000000
0x00000000241deba0:   0000000000000010 0000000000000002
0x00000000241debb0:   0000000000000000 0000000000000001
0x00000000241debc0:   0000000000000004 0000000000000000
0x00000000241debd0:   0000000002130000 00007fff1f12eda7 

Instructions: (pc=0x00007ffef6c658a2)
0x00007ffef6c65882:   f4 00 00 00 85 c9 74 09 f6 82 f8 00 00 00 04 74
0x00007ffef6c65892:   3d 83 c0 01 48 81 c2 40 01 00 00 83 f8 24 74 12
0x00007ffef6c658a2:   48 8b 0a 48 89 d7 48 83 b9 20 01 00 00 00 75 ce
0x00007ffef6c658b2:   eb ab 4c 8d 05 7d 10 ee 00 ba 08 00 00 00 48 89 


Register to memory mapping:

RAX=0x0000000000000000 is an unknown value
RBX=0x00000000257cc840 is an unknown value
RCX=0x00000000257cc840 is an unknown value
RDX=0x0000000000000000 is an unknown value
RSP=0x00000000241deae0 is pointing into the stack for thread: 0x0000000018a24800
RBP=0x00000000257cc840 is an unknown value
RSI=0x000000002585e280 is an unknown value
RDI=0x000000002585e280 is an unknown value
R8 =0x0000000000000000 is an unknown value
R9 =0x0000000018be4d30 is an unknown value
R10=0x0000000000000000 is an unknown value
R11=0x0000000000000000 is an unknown value
R12=0x000000000000021e is an unknown value
R13=0x0000000000000001 is an unknown value
R14=0x00000000002bf200 is an unknown value
R15=0x00000000257ccce0 is an unknown value


Stack: [0x00000000240e0000,0x00000000241e0000],  sp=0x00000000241deae0,  free space=1018k
Native frames: (J=compiled Java code, j=interpreted, Vv=VM code, C=native code)
C  [avcodec-57.dll+0x4058a2]
C  [avcodec-57.dll+0x415039]
C  [avcodec-57.dll+0x56c585]
C  [jniavcodec.dll+0x3a5a1]
C  0x0000000002465d16

Java frames: (J=compiled Java code, j=interpreted, Vv=VM code)
J 3205  org.bytedeco.javacpp.avcodec.avcodec_encode_video2(Lorg/bytedeco/javacpp/avcodec$AVCodecContext;Lorg/bytedeco/javacpp/avcodec$AVPacket;Lorg/bytedeco/javacpp/avutil$AVFrame;[I)I (0 bytes) @ 0x0000000002465c98 [0x0000000002465c00+0x98]
J 3302 C1 org.bytedeco.javacv.FFmpegFrameRecorder.recordImage(IIIIII[Ljava/nio/Buffer;)Z (1070 bytes) @ 0x0000000002d6cb1c [0x0000000002d6a440+0x26dc]
J 3301 C1 org.bytedeco.javacv.FFmpegFrameRecorder.record(Lorg/bytedeco/javacv/Frame;I)V (104 bytes) @ 0x0000000002d697cc [0x0000000002d69620+0x1ac]
J 3238 C1 org.bytedeco.javacv.FFmpegFrameRecorder.record(Lorg/bytedeco/javacv/Frame;)V (7 bytes) @ 0x0000000002d38654 [0x0000000002d385c0+0x94]
j  sensor.TelaController$Catcher.run()V+246
j  java.lang.Thread.run()V+11
v  ~StubRoutines::call_stub

---------------  P R O C E S S  ---------------

Java Threads: ( => current thread )
=>0x0000000018a24800 JavaThread "Thread-4" [_thread_in_native, id=6400, stack(0x00000000240e0000,0x00000000241e0000)]
  0x000000001cf38000 JavaThread "Java2D Disposer" daemon [_thread_blocked, id=1828, stack(0x0000000023270000,0x0000000023370000)]
  0x0000000019325000 JavaThread "pool-3-thread-1" [_thread_in_native, id=7944, stack(0x0000000022380000,0x0000000022480000)]
  0x0000000019627800 JavaThread "Prism Font Disposer" daemon [_thread_blocked, id=6344, stack(0x000000001de90000,0x000000001df90000)]
  0x000000001958f000 JavaThread "JavaCPP Deallocator" daemon [_thread_blocked, id=2644, stack(0x000000001c430000,0x000000001c530000)]
  0x00000000190c7000 JavaThread "JavaFX-Launcher" [_thread_blocked, id=5284, stack(0x000000001bf30000,0x000000001c030000)]
  0x000000001901d000 JavaThread "Thread-2" daemon [_thread_in_native, id=7988, stack(0x000000001bd30000,0x000000001be30000)]
  0x0000000018f56800 JavaThread "JavaFX Application Thread" [_thread_in_native, id=1952, stack(0x0000000019e90000,0x0000000019f90000)]
  0x0000000018c2e800 JavaThread "Thread-1" daemon [_thread_blocked, id=6504, stack(0x0000000019d90000,0x0000000019e90000)]
  0x0000000018c25800 JavaThread "QuantumRenderer-0" daemon [_thread_blocked, id=2788, stack(0x0000000019750000,0x0000000019850000)]
  0x0000000016f4d800 JavaThread "Service Thread" daemon [_thread_blocked, id=6792, stack(0x0000000018c50000,0x0000000018d50000)]
  0x0000000016efd000 JavaThread "C1 CompilerThread2" daemon [_thread_blocked, id=2824, stack(0x0000000018750000,0x0000000018850000)]
  0x0000000016ef4000 JavaThread "C2 CompilerThread1" daemon [_thread_blocked, id=5708, stack(0x0000000018650000,0x0000000018750000)]
  0x0000000016ef1800 JavaThread "C2 CompilerThread0" daemon [_thread_blocked, id=6872, stack(0x0000000018550000,0x0000000018650000)]
  0x0000000016ef0800 JavaThread "Attach Listener" daemon [_thread_blocked, id=6216, stack(0x0000000018450000,0x0000000018550000)]
  0x0000000016eed800 JavaThread "Signal Dispatcher" daemon [_thread_blocked, id=7908, stack(0x0000000018350000,0x0000000018450000)]
  0x000000000233b800 JavaThread "Finalizer" daemon [_thread_blocked, id=3056, stack(0x0000000018150000,0x0000000018250000)]
  0x0000000002330800 JavaThread "Reference Handler" daemon [_thread_blocked, id=6332, stack(0x0000000018050000,0x0000000018150000)]
  0x0000000002240800 JavaThread "main" [_thread_blocked, id=7112, stack(0x0000000002140000,0x0000000002240000)]

Other Threads:
  0x0000000016eb8000 VMThread [stack: 0x0000000017f50000,0x0000000018050000] [id=6644]
  0x000000001889d800 WatcherThread [stack: 0x0000000018e50000,0x0000000018f50000] [id=6368]

VM state:not at safepoint (normal execution)

VM Mutex/Monitor currently owned by a thread: None

Heap:
 PSYoungGen      total 76288K, used 24702K [0x00000000d5980000, 0x00000000daf80000, 0x0000000100000000)
  eden space 67584K, 31% used [0x00000000d5980000,0x00000000d6e42ba8,0x00000000d9b80000)
  from space 8704K, 39% used [0x00000000d9b80000,0x00000000d9edd030,0x00000000da400000)
  to   space 8704K, 0% used [0x00000000da700000,0x00000000da700000,0x00000000daf80000)
 ParOldGen       total 73728K, used 10546K [0x0000000080c00000, 0x0000000085400000, 0x00000000d5980000)
  object space 73728K, 14% used [0x0000000080c00000,0x000000008164cb60,0x0000000085400000)
 Metaspace       used 25421K, capacity 26408K, committed 26624K, reserved 1073152K
  class space    used 3482K, capacity 3723K, committed 3840K, reserved 1048576K

Card table byte_map: [0x0000000011700000,0x0000000011b00000] byte_map_base: 0x00000000112fa000

Marking Bits: (ParMarkBitMap*) 0x000000005375b6d0
 Begin Bits: [0x00000000121b0000, 0x0000000014180000)
 End Bits:   [0x0000000014180000, 0x0000000016150000)

Polling page: 0x0000000001f80000

CodeCache: size=245760Kb used=10641Kb max_used=10641Kb free=235118Kb
 bounds [0x0000000002340000, 0x0000000002db0000, 0x0000000011340000]
 total_blobs=4311 nmethods=3330 adapters=892
 compilation: enabled

Compilation events (10 events):
Event: 36.475 Thread 0x0000000016efd000 3356       1       com.sun.scenario.effect.impl.EffectPeer::getDestBounds (5 bytes)
Event: 36.475 Thread 0x0000000016efd000 nmethod 3356 0x0000000002da7e90 code [0x0000000002da7fe0, 0x0000000002da80f0]
Event: 36.475 Thread 0x0000000016efd000 3358       1       com.sun.scenario.effect.impl.EffectPeer::getFilterContext (5 bytes)
Event: 36.475 Thread 0x0000000016efd000 nmethod 3358 0x0000000002da8150 code [0x0000000002da82a0, 0x0000000002da83b0]
Event: 36.478 Thread 0x0000000016efd000 3359       3       javafx.animation.Animation::jumpTo (116 bytes)
Event: 36.479 Thread 0x0000000016efd000 nmethod 3359 0x0000000002da8410 code [0x0000000002da86c0, 0x0000000002da9798]
Event: 36.479 Thread 0x0000000016efd000 3360       3       javafx.util.Duration::isUnknown (8 bytes)
Event: 36.479 Thread 0x0000000016efd000 nmethod 3360 0x0000000002da9e10 code [0x0000000002da9f80, 0x0000000002daa1b0]
Event: 36.479 Thread 0x0000000016efd000 3361       3       com.sun.scenario.animation.shared.SingleLoopClipEnvelope::jumpTo (60 bytes)
Event: 36.480 Thread 0x0000000016efd000 nmethod 3361 0x0000000002daa250 code [0x0000000002daa400, 0x0000000002daa9d8]

GC Heap History (10 events):
Event: 24.741 GC heap before
{Heap before GC invocations=12 (full 1):
 PSYoungGen      total 69120K, used 63879K [0x00000000d5980000, 0x00000000da780000, 0x0000000100000000)
  eden space 60416K, 98% used [0x00000000d5980000,0x00000000d93abdf0,0x00000000d9480000)
  from space 8704K, 49% used [0x00000000d9f00000,0x00000000da336030,0x00000000da780000)
  to   space 9728K, 0% used [0x00000000d9480000,0x00000000d9480000,0x00000000d9e00000)
 ParOldGen       total 73728K, used 10506K [0x0000000080c00000, 0x0000000085400000, 0x00000000d5980000)
  object space 73728K, 14% used [0x0000000080c00000,0x0000000081642b60,0x0000000085400000)
 Metaspace       used 25266K, capacity 26310K, committed 26496K, reserved 1073152K
  class space    used 3480K, capacity 3690K, committed 3712K, reserved 1048576K
Event: 24.744 GC heap after
Heap after GC invocations=12 (full 1):
 PSYoungGen      total 70144K, used 3412K [0x00000000d5980000, 0x00000000dab80000, 0x0000000100000000)
  eden space 60416K, 0% used [0x00000000d5980000,0x00000000d5980000,0x00000000d9480000)
  from space 9728K, 35% used [0x00000000d9480000,0x00000000d97d5030,0x00000000d9e00000)
  to   space 9728K, 0% used [0x00000000da200000,0x00000000da200000,0x00000000dab80000)
 ParOldGen       total 73728K, used 10514K [0x0000000080c00000, 0x0000000085400000, 0x00000000d5980000)
  object space 73728K, 14% used [0x0000000080c00000,0x0000000081644b60,0x0000000085400000)
 Metaspace       used 25266K, capacity 26310K, committed 26496K, reserved 1073152K
  class space    used 3480K, capacity 3690K, committed 3712K, reserved 1048576K
}
Event: 27.415 GC heap before
{Heap before GC invocations=13 (full 1):
 PSYoungGen      total 70144K, used 63747K [0x00000000d5980000, 0x00000000dab80000, 0x0000000100000000)
  eden space 60416K, 99% used [0x00000000d5980000,0x00000000d946bf18,0x00000000d9480000)
  from space 9728K, 35% used [0x00000000d9480000,0x00000000d97d5030,0x00000000d9e00000)
  to   space 9728K, 0% used [0x00000000da200000,0x00000000da200000,0x00000000dab80000)
 ParOldGen       total 73728K, used 10514K [0x0000000080c00000, 0x0000000085400000, 0x00000000d5980000)
  object space 73728K, 14% used [0x0000000080c00000,0x0000000081644b60,0x0000000085400000)
 Metaspace       used 25326K, capacity 26312K, committed 26496K, reserved 1073152K
  class space    used 3480K, capacity 3691K, committed 3712K, reserved 1048576K
Event: 27.421 GC heap after
Heap after GC invocations=13 (full 1):
 PSYoungGen      total 73216K, used 3144K [0x00000000d5980000, 0x00000000daa80000, 0x0000000100000000)
  eden space 64512K, 0% used [0x00000000d5980000,0x00000000d5980000,0x00000000d9880000)
  from space 8704K, 36% used [0x00000000da200000,0x00000000da512020,0x00000000daa80000)
  to   space 9216K, 0% used [0x00000000d9880000,0x00000000d9880000,0x00000000da180000)
 ParOldGen       total 73728K, used 10522K [0x0000000080c00000, 0x0000000085400000, 0x00000000d5980000)
  object space 73728K, 14% used [0x0000000080c00000,0x0000000081646b60,0x0000000085400000)
 Metaspace       used 25326K, capacity 26312K, committed 26496K, reserved 1073152K
  class space    used 3480K, capacity 3691K, committed 3712K, reserved 1048576K
}
Event: 30.194 GC heap before
{Heap before GC invocations=14 (full 1):
 PSYoungGen      total 73216K, used 67594K [0x00000000d5980000, 0x00000000daa80000, 0x0000000100000000)
  eden space 64512K, 99% used [0x00000000d5980000,0x00000000d9870978,0x00000000d9880000)
  from space 8704K, 36% used [0x00000000da200000,0x00000000da512020,0x00000000daa80000)
  to   space 9216K, 0% used [0x00000000d9880000,0x00000000d9880000,0x00000000da180000)
 ParOldGen       total 73728K, used 10522K [0x0000000080c00000, 0x0000000085400000, 0x00000000d5980000)
  object space 73728K, 14% used [0x0000000080c00000,0x0000000081646b60,0x0000000085400000)
 Metaspace       used 25328K, capacity 26312K, committed 26496K, reserved 1073152K
  class space    used 3480K, capacity 3691K, committed 3712K, reserved 1048576K
Event: 30.197 GC heap after
Heap after GC invocations=14 (full 1):
 PSYoungGen      total 73728K, used 3412K [0x00000000d5980000, 0x00000000dae00000, 0x0000000100000000)
  eden space 64512K, 0% used [0x00000000d5980000,0x00000000d5980000,0x00000000d9880000)
  from space 9216K, 37% used [0x00000000d9880000,0x00000000d9bd5030,0x00000000da180000)
  to   space 9216K, 0% used [0x00000000da500000,0x00000000da500000,0x00000000dae00000)
 ParOldGen       total 73728K, used 10530K [0x0000000080c00000, 0x0000000085400000, 0x00000000d5980000)
  object space 73728K, 14% used [0x0000000080c00000,0x0000000081648b60,0x0000000085400000)
 Metaspace       used 25328K, capacity 26312K, committed 26496K, reserved 1073152K
  class space    used 3480K, capacity 3691K, committed 3712K, reserved 1048576K
}
Event: 32.992 GC heap before
{Heap before GC invocations=15 (full 1):
 PSYoungGen      total 73728K, used 66765K [0x00000000d5980000, 0x00000000dae00000, 0x0000000100000000)
  eden space 64512K, 98% used [0x00000000d5980000,0x00000000d975e570,0x00000000d9880000)
  from space 9216K, 37% used [0x00000000d9880000,0x00000000d9bd5030,0x00000000da180000)
  to   space 9216K, 0% used [0x00000000da500000,0x00000000da500000,0x00000000dae00000)
 ParOldGen       total 73728K, used 10530K [0x0000000080c00000, 0x0000000085400000, 0x00000000d5980000)
  object space 73728K, 14% used [0x0000000080c00000,0x0000000081648b60,0x0000000085400000)
 Metaspace       used 25331K, capacity 26312K, committed 26496K, reserved 1073152K
  class space    used 3480K, capacity 3691K, committed 3712K, reserved 1048576K
Event: 32.994 GC heap after
Heap after GC invocations=15 (full 1):
 PSYoungGen      total 75264K, used 3412K [0x00000000d5980000, 0x00000000dac80000, 0x0000000100000000)
  eden space 67584K, 0% used [0x00000000d5980000,0x00000000d5980000,0x00000000d9b80000)
  from space 7680K, 44% used [0x00000000da500000,0x00000000da855030,0x00000000dac80000)
  to   space 8704K, 0% used [0x00000000d9b80000,0x00000000d9b80000,0x00000000da400000)
 ParOldGen       total 73728K, used 10538K [0x0000000080c00000, 0x0000000085400000, 0x00000000d5980000)
  object space 73728K, 14% used [0x0000000080c00000,0x000000008164ab60,0x0000000085400000)
 Metaspace       used 25331K, capacity 26312K, committed 26496K, reserved 1073152K
  class space    used 3480K, capacity 3691K, committed 3712K, reserved 1048576K
}
Event: 35.924 GC heap before
{Heap before GC invocations=16 (full 1):
 PSYoungGen      total 75264K, used 70791K [0x00000000d5980000, 0x00000000dac80000, 0x0000000100000000)
  eden space 67584K, 99% used [0x00000000d5980000,0x00000000d9b4cfc8,0x00000000d9b80000)
  from space 7680K, 44% used [0x00000000da500000,0x00000000da855030,0x00000000dac80000)
  to   space 8704K, 0% used [0x00000000d9b80000,0x00000000d9b80000,0x00000000da400000)
 ParOldGen       total 73728K, used 10538K [0x0000000080c00000, 0x0000000085400000, 0x00000000d5980000)
  object space 73728K, 14% used [0x0000000080c00000,0x000000008164ab60,0x0000000085400000)
 Metaspace       used 25391K, capacity 26408K, committed 26624K, reserved 1073152K
  class space    used 3482K, capacity 3723K, committed 3840K, reserved 1048576K
Event: 35.927 GC heap after
Heap after GC invocations=16 (full 1):
 PSYoungGen      total 76288K, used 3444K [0x00000000d5980000, 0x00000000daf80000, 0x0000000100000000)
  eden space 67584K, 0% used [0x00000000d5980000,0x00000000d5980000,0x00000000d9b80000)
  from space 8704K, 39% used [0x00000000d9b80000,0x00000000d9edd030,0x00000000da400000)
  to   space 8704K, 0% used [0x00000000da700000,0x00000000da700000,0x00000000daf80000)
 ParOldGen       total 73728K, used 10546K [0x0000000080c00000, 0x0000000085400000, 0x00000000d5980000)
  object space 73728K, 14% used [0x0000000080c00000,0x000000008164cb60,0x0000000085400000)
 Metaspace       used 25391K, capacity 26408K, committed 26624K, reserved 1073152K
  class space    used 3482K, capacity 3723K, committed 3840K, reserved 1048576K
}

Deoptimization events (10 events):
Event: 5.355 Thread 0x0000000018f56800 Uncommon trap: reason=unstable_if action=reinterpret pc=0x00000000029b3b10 method=javafx.scene.Node.updateBounds()V @ 27
Event: 5.356 Thread 0x0000000018f56800 Uncommon trap: reason=unstable_if action=reinterpret pc=0x00000000029e6e20 method=javafx.scene.Node.updateLocalToParentTransform()V @ 125
Event: 7.663 Thread 0x0000000018c25800 Uncommon trap: reason=unstable_if action=reinterpret pc=0x0000000002a51178 method=com.sun.javafx.geom.RectBounds.intersects(Lcom/sun/javafx/geom/BaseBounds;)Z @ 8
Event: 7.683 Thread 0x0000000019325000 Uncommon trap: reason=unstable_if action=reinterpret pc=0x0000000002a94dc8 method=com.sun.javafx.image.impl.IntTo4ByteSameConverter.doConvert([III[BIIII)V @ 29
Event: 8.783 Thread 0x0000000018c25800 Uncommon trap: reason=unstable_if action=reinterpret pc=0x00000000027ceac0 method=java.util.WeakHashMap.expungeStaleEntries()V @ 9
Event: 17.839 Thread 0x0000000018c25800 Uncommon trap: reason=unstable_if action=reinterpret pc=0x0000000002b01f18 method=com.sun.javafx.sg.prism.NGGroup.computeRenderRoot(Lcom/sun/javafx/sg/prism/NodePath;Lcom/sun/javafx/geom/RectBounds;ILcom/sun/javafx/geom/transform/BaseTransform;Lcom/sun/ja
Event: 17.890 Thread 0x0000000018c25800 Uncommon trap: reason=unstable_if action=reinterpret pc=0x0000000002a39710 method=com.sun.javafx.geom.transform.AffineBase.updateState2D()V @ 6
Event: 17.890 Thread 0x0000000018c25800 Uncommon trap: reason=unstable_if action=reinterpret pc=0x0000000002a40f98 method=com.sun.javafx.geom.transform.AffineBase.updateState2D()V @ 6
Event: 20.187 Thread 0x0000000018f56800 Uncommon trap: reason=unstable_if action=reinterpret pc=0x0000000002c77bb0 method=javafx.scene.Node.impl_intersectsBounds(Lcom/sun/javafx/geom/PickRay;)D @ 814
Event: 26.259 Thread 0x0000000018f56800 Uncommon trap: reason=unstable_if action=reinterpret pc=0x0000000002d1c6d8 method=com.sun.javafx.geom.Shape.pointCrossingsForLine(FFFFFF)I @ 25

Internal exceptions (10 events):
Event: 0.632 Thread 0x0000000018f56800 Exception <a 'java/lang/NullPointerException'> (0x00000000d67d9538) thrown at [C:\re\workspace\8-2-build-windows-amd64-cygwin\jdk8u121\8372\hotspot\src\share\vm\prims\jvm.cpp, line 1394]
Event: 0.675 Thread 0x0000000018f56800 Exception <a 'java/lang/ArrayIndexOutOfBoundsException': 57> (0x00000000d6956748) thrown at [C:\re\workspace\8-2-build-windows-amd64-cygwin\jdk8u121\8372\hotspot\src\share\vm\interpreter\interpreterRuntime.cpp, line 366]
Event: 0.675 Thread 0x0000000018f56800 Exception <a 'java/lang/ArrayIndexOutOfBoundsException': 18> (0x00000000d69575c0) thrown at [C:\re\workspace\8-2-build-windows-amd64-cygwin\jdk8u121\8372\hotspot\src\share\vm\interpreter\interpreterRuntime.cpp, line 366]
Event: 0.676 Thread 0x0000000018f56800 Exception <a 'java/lang/ArrayIndexOutOfBoundsException': 86> (0x00000000d6958968) thrown at [C:\re\workspace\8-2-build-windows-amd64-cygwin\jdk8u121\8372\hotspot\src\share\vm\interpreter\interpreterRuntime.cpp, line 366]
Event: 0.816 Thread 0x0000000018f56800 Exception <a 'java/lang/ArrayIndexOutOfBoundsException'> (0x00000000d6e252f8) thrown at [C:\re\workspace\8-2-build-windows-amd64-cygwin\jdk8u121\8372\hotspot\src\share\vm\runtime\sharedRuntime.cpp, line 605]
Event: 1.068 Thread 0x0000000018f56800 Exception <a 'java/lang/ArrayIndexOutOfBoundsException'> (0x00000000d750b078) thrown at [C:\re\workspace\8-2-build-windows-amd64-cygwin\jdk8u121\8372\hotspot\src\share\vm\runtime\sharedRuntime.cpp, line 605]
Event: 1.620 Thread 0x0000000018f56800 Implicit null exception at 0x000000000264f935 to 0x000000000264fb45
Event: 1.620 Thread 0x0000000018f56800 Implicit null exception at 0x00000000026b84d8 to 0x00000000026b8566
Event: 7.601 Thread 0x0000000019325000 Exception <a 'java/io/FileNotFoundException'> (0x00000000d5e6d0e8) thrown at [C:\re\workspace\8-2-build-windows-amd64-cygwin\jdk8u121\8372\hotspot\src\share\vm\prims\jni.cpp, line 709]
Event: 7.624 Thread 0x0000000019325000 Exception <a 'java/io/FileNotFoundException'> (0x00000000d5f1a268) thrown at [C:\re\workspace\8-2-build-windows-amd64-cygwin\jdk8u121\8372\hotspot\src\share\vm\prims\jni.cpp, line 709]

Events (10 events):
Event: 30.194 Executing VM operation: ParallelGCFailedAllocation
Event: 30.197 Executing VM operation: ParallelGCFailedAllocation done
Event: 32.992 Executing VM operation: ParallelGCFailedAllocation
Event: 32.994 Executing VM operation: ParallelGCFailedAllocation done
Event: 35.924 Executing VM operation: ParallelGCFailedAllocation
Event: 35.927 Executing VM operation: ParallelGCFailedAllocation done
Event: 36.492 Executing VM operation: RevokeBias
Event: 36.492 Executing VM operation: RevokeBias done
Event: 36.548 Executing VM operation: RevokeBias
Event: 36.548 Executing VM operation: RevokeBias done


Dynamic libraries:
0x00007ff60e860000 - 0x00007ff60e897000 	C:\Program Files\Java\jdk1.8.0_121\jre\bin\java.exe
0x00007fff1f100000 - 0x00007fff1f2c2000 	C:\Windows\SYSTEM32\ntdll.dll
0x00007fff1d220000 - 0x00007fff1d2cd000 	C:\Windows\system32\KERNEL32.DLL
0x00007fff1bbc0000 - 0x00007fff1bd9d000 	C:\Windows\system32\KERNELBASE.dll
0x00007fff1c7c0000 - 0x00007fff1c866000 	C:\Windows\system32\ADVAPI32.dll
0x00007fff1cdc0000 - 0x00007fff1ce5d000 	C:\Windows\system32\msvcrt.dll
0x00007fff1cd50000 - 0x00007fff1cdab000 	C:\Windows\system32\sechost.dll
0x00007fff1ca50000 - 0x00007fff1cb76000 	C:\Windows\system32\RPCRT4.dll
0x00007fff1d430000 - 0x00007fff1d57e000 	C:\Windows\system32\USER32.dll
0x00007fff1d090000 - 0x00007fff1d213000 	C:\Windows\system32\GDI32.dll
0x00007fff0ce40000 - 0x00007fff0d0b4000 	C:\Windows\WinSxS\amd64_microsoft.windows.common-controls_6595b64144ccf1df_6.0.10240.17184_none_f41d7a705752bce6\COMCTL32.dll
0x00007fff1f0c0000 - 0x00007fff1f0f6000 	C:\Windows\system32\IMM32.DLL
0x00007fff1d2d0000 - 0x00007fff1d42c000 	C:\Windows\system32\MSCTF.dll
0x0000000052e60000 - 0x0000000052f32000 	C:\Program Files\Java\jdk1.8.0_121\jre\bin\msvcr100.dll
0x0000000052f40000 - 0x00000000537db000 	C:\Program Files\Java\jdk1.8.0_121\jre\bin\server\jvm.dll
0x00007fff1d9b0000 - 0x00007fff1d9b8000 	C:\Windows\system32\PSAPI.DLL
0x00007fff106f0000 - 0x00007fff106f9000 	C:\Windows\SYSTEM32\WSOCK32.dll
0x00007fff19f40000 - 0x00007fff19f63000 	C:\Windows\SYSTEM32\WINMM.dll
0x00007fff1d020000 - 0x00007fff1d089000 	C:\Windows\system32\WS2_32.dll
0x00007fff1cdb0000 - 0x00007fff1cdb8000 	C:\Windows\system32\NSI.dll
0x00007fff19430000 - 0x00007fff1943a000 	C:\Windows\SYSTEM32\VERSION.dll
0x0000000001f30000 - 0x0000000001f5c000 	C:\Windows\SYSTEM32\WINMMBASE.dll
0x00007fff1be00000 - 0x00007fff1be44000 	C:\Windows\system32\cfgmgr32.dll
0x00007fff1a4a0000 - 0x00007fff1a4c7000 	C:\Windows\SYSTEM32\DEVOBJ.dll
0x0000000052e10000 - 0x0000000052e1f000 	C:\Program Files\Java\jdk1.8.0_121\jre\bin\verify.dll
0x0000000052de0000 - 0x0000000052e09000 	C:\Program Files\Java\jdk1.8.0_121\jre\bin\java.dll
0x0000000052dc0000 - 0x0000000052dd6000 	C:\Program Files\Java\jdk1.8.0_121\jre\bin\zip.dll
0x00007fff1d9e0000 - 0x00007fff1ef03000 	C:\Windows\system32\SHELL32.dll
0x00007fff1c190000 - 0x00007fff1c7b9000 	C:\Windows\system32\windows.storage.dll
0x00007fff1d730000 - 0x00007fff1d9ac000 	C:\Windows\system32\combase.dll
0x00007fff1d580000 - 0x00007fff1d5d1000 	C:\Windows\system32\shlwapi.dll
0x00007fff1bb40000 - 0x00007fff1bb4f000 	C:\Windows\system32\kernel.appcore.dll
0x00007fff1c020000 - 0x00007fff1c0d3000 	C:\Windows\system32\shcore.dll
0x00007fff1bb70000 - 0x00007fff1bbba000 	C:\Windows\system32\powrprof.dll
0x00007fff1bb50000 - 0x00007fff1bb63000 	C:\Windows\system32\profapi.dll
0x00007ffefeac0000 - 0x00007ffefebaf000 	C:\Program Files\Java\jdk1.8.0_121\jre\bin\msvcr120.dll
0x00007fff0b460000 - 0x00007fff0b506000 	C:\Program Files\Java\jdk1.8.0_121\jre\bin\msvcp120.dll
0x0000000052760000 - 0x0000000052782000 	C:\Program Files\Java\jdk1.8.0_121\jre\bin\prism_d3d.dll
0x00007ffefe8b0000 - 0x00007ffefeac0000 	C:\Windows\system32\d3d9.dll
0x00007fff19900000 - 0x00007fff19922000 	C:\Windows\SYSTEM32\dwmapi.dll
0x00007fff1a350000 - 0x00007fff1a3e6000 	C:\Windows\system32\uxtheme.dll
0x00007fff19480000 - 0x00007fff195a5000 	C:\Windows\SYSTEM32\nvumdshimx.dll
0x00007fff1cb80000 - 0x00007fff1cd45000 	C:\Windows\system32\SETUPAPI.dll
0x00007fff19440000 - 0x00007fff19471000 	C:\Windows\system32\nvinitx.dll
0x00007ffefc3f0000 - 0x00007ffefd010000 	C:\Windows\system32\igdumd64.dll
0x0000000052710000 - 0x0000000052753000 	C:\Program Files\Java\jdk1.8.0_121\jre\bin\glass.dll
0x00007fff1ce60000 - 0x00007fff1cf37000 	C:\Windows\system32\COMDLG32.dll
0x00007fff1d5e0000 - 0x00007fff1d721000 	C:\Windows\system32\ole32.dll
0x00007fff1cf40000 - 0x00007fff1d002000 	C:\Windows\system32\OLEAUT32.dll
0x00007fff1b940000 - 0x00007fff1b9ab000 	C:\Windows\SYSTEM32\bcryptPrimitives.dll
0x00007ffef85a0000 - 0x00007ffefa497000 	C:\cv\opencv\build\java\x64\opencv_java320.dll
0x00007fff0f320000 - 0x00007fff0f349000 	C:\Windows\SYSTEM32\MSVFW32.dll
0x00007fff0f7f0000 - 0x00007fff0f810000 	C:\Windows\SYSTEM32\AVIFIL32.dll
0x00007fff0e850000 - 0x00007fff0e868000 	C:\Windows\SYSTEM32\AVICAP32.dll
0x00007fff0edb0000 - 0x00007fff0edcc000 	C:\Windows\SYSTEM32\MSACM32.dll
0x00000000526f0000 - 0x0000000052704000 	C:\Program Files\Java\jdk1.8.0_121\jre\bin\javafx_font.dll
0x00007fff12120000 - 0x00007fff12377000 	C:\Windows\SYSTEM32\dwrite.dll
0x00007ffefd670000 - 0x00007ffefd75f000 	C:\Users\rodri\.javacpp\cache\opencv-windows-x86_64.jar\org\bytedeco\javacpp\windows-x86_64\msvcr120.dll
0x00007ffefd5c0000 - 0x00007ffefd666000 	C:\Users\rodri\.javacpp\cache\opencv-windows-x86_64.jar\org\bytedeco\javacpp\windows-x86_64\msvcp120.dll
0x00007ffefc160000 - 0x00007ffefc3e8000 	C:\Users\rodri\.javacpp\cache\opencv-windows-x86_64.jar\org\bytedeco\javacpp\windows-x86_64\opencv_core320.dll
0x00007ffefbdf0000 - 0x00007ffefc152000 	C:\Users\rodri\.javacpp\cache\opencv-windows-x86_64.jar\org\bytedeco\javacpp\windows-x86_64\opencv_imgproc320.dll
0x00007ffefbba0000 - 0x00007ffefbdea000 	C:\Users\rodri\.javacpp\cache\opencv-windows-x86_64.jar\org\bytedeco\javacpp\windows-x86_64\jniopencv_core.dll
0x0000000052da0000 - 0x0000000052dba000 	C:\Program Files\Java\jdk1.8.0_121\jre\bin\net.dll
0x00007fff1b390000 - 0x00007fff1b3ed000 	C:\Windows\system32\mswsock.dll
0x0000000052d80000 - 0x0000000052d91000 	C:\Program Files\Java\jdk1.8.0_121\jre\bin\nio.dll
0x00007fff1c940000 - 0x00007fff1c9e5000 	C:\Windows\system32\clbcatq.dll
0x00007fff17c50000 - 0x00007fff17e02000 	C:\Windows\SYSTEM32\WindowsCodecs.dll
0x00007fff1b9b0000 - 0x00007fff1b9d8000 	C:\Windows\SYSTEM32\bcrypt.dll
0x00007fff1b3f0000 - 0x00007fff1b407000 	C:\Windows\SYSTEM32\cryptsp.dll
0x00007fff1b040000 - 0x00007fff1b073000 	C:\Windows\system32\rsaenh.dll
0x00007fff1b560000 - 0x00007fff1b56b000 	C:\Windows\SYSTEM32\CRYPTBASE.dll
0x00007fff09c20000 - 0x00007fff09c66000 	C:\Windows\system32\dataexchange.dll
0x00007fff15190000 - 0x00007fff156d5000 	C:\Windows\system32\d2d1.dll
0x00007fff1a070000 - 0x00007fff1a141000 	C:\Windows\system32\dcomp.dll
0x00007fff19650000 - 0x00007fff198f3000 	C:\Windows\system32\d3d11.dll
0x00007fff195b0000 - 0x00007fff1964c000 	C:\Windows\system32\dxgi.dll
0x00007fff1a4f0000 - 0x00007fff1a5de000 	C:\Windows\system32\twinapi.appcore.dll
0x00007fff1b130000 - 0x00007fff1b14f000 	C:\Windows\system32\USERENV.dll
0x00007fff0bf10000 - 0x00007fff0bf44000 	C:\Program Files\Common Files\Microsoft Shared\Ink\rtscom.dll
0x00000000526d0000 - 0x00000000526e1000 	C:\Program Files\Java\jdk1.8.0_121\jre\bin\prism_common.dll
0x00007ffefed20000 - 0x00007ffefef8e000 	C:\Windows\SYSTEM32\D3D10Warp.dll
0x00007fff0d730000 - 0x00007fff0d748000 	C:\Windows\System32\devenum.dll
0x00007fff1aec0000 - 0x00007fff1aef2000 	C:\Windows\SYSTEM32\ntmarta.dll
0x00007fff1bda0000 - 0x00007fff1bdf4000 	C:\Windows\system32\WINTRUST.dll
0x00007fff1bb20000 - 0x00007fff1bb31000 	C:\Windows\system32\MSASN1.dll
0x00007fff1be50000 - 0x00007fff1c011000 	C:\Windows\system32\CRYPT32.dll
0x00007fff18210000 - 0x00007fff1821a000 	C:\Windows\SYSTEM32\msdmo.dll
0x00007fff0bed0000 - 0x00007fff0bf04000 	C:\Windows\System32\qcap.dll
0x00007ffefd3f0000 - 0x00007ffefd5bd000 	C:\Windows\System32\quartz.dll
0x00007fff01790000 - 0x00007fff017df000 	C:\Windows\System32\ksproxy.ax
0x00007fff14f30000 - 0x00007fff14f38000 	C:\Windows\System32\ksuser.dll
0x00007fff140b0000 - 0x00007fff140e9000 	C:\Windows\SYSTEM32\policymanager.dll
0x00007fff14070000 - 0x00007fff140a6000 	C:\Windows\System32\XmlLite.dll
0x00007fff14730000 - 0x00007fff147c2000 	C:\Windows\System32\msvcp110_win.dll
0x00007fff16e40000 - 0x00007fff16e4e000 	C:\Windows\System32\vidcap.ax
0x00007fff0b220000 - 0x00007fff0b247000 	C:\Windows\System32\kswdmcap.ax
0x00007ffefba30000 - 0x00007ffefbba0000 	C:\Windows\System32\MFC42.dll
0x00007ffefb980000 - 0x00007ffefba30000 	C:\Windows\System32\ODBC32.dll
0x00007fff1afa0000 - 0x00007fff1afaa000 	C:\Windows\System32\DPAPI.dll
0x00007ffefb8d0000 - 0x00007ffefb97b000 	C:\Windows\System32\qedit.dll
0x00007fff05340000 - 0x00007fff054e8000 	C:\Windows\WinSxS\amd64_microsoft.windows.gdiplus_6595b64144ccf1df_1.1.10240.17319_none_89a9f4e99af45e30\gdiplus.dll
0x00007fff01640000 - 0x00007fff01736000 	C:\Windows\System32\DDRAW.dll
0x00007fff16e50000 - 0x00007fff16e58000 	C:\Windows\System32\DCIMAN32.dll
0x00007fff11e80000 - 0x00007fff11e8c000 	C:\Windows\SYSTEM32\msyuv.dll
0x0000000052be0000 - 0x0000000052d78000 	C:\Program Files\Java\jdk1.8.0_121\jre\bin\awt.dll
0x00007fff1a280000 - 0x00007fff1a2f8000 	C:\Windows\system32\apphelp.dll
0x00007ffefb7e0000 - 0x00007ffefb8d0000 	C:\Users\rodri\.javacpp\cache\opencv-windows-x86_64.jar\org\bytedeco\javacpp\windows-x86_64\jniopencv_imgproc.dll
0x00007ffefb510000 - 0x00007ffefb7da000 	C:\Users\rodri\.javacpp\cache\opencv-windows-x86_64.jar\org\bytedeco\javacpp\windows-x86_64\opencv_imgcodecs320.dll
0x00007fff00730000 - 0x00007fff00755000 	C:\Users\rodri\.javacpp\cache\opencv-windows-x86_64.jar\org\bytedeco\javacpp\windows-x86_64\jniopencv_imgcodecs.dll
0x00007ffeffc80000 - 0x00007ffeffcce000 	C:\Users\rodri\.javacpp\cache\opencv-windows-x86_64.jar\org\bytedeco\javacpp\windows-x86_64\opencv_videoio320.dll
0x00007fff0d490000 - 0x00007fff0d4a7000 	C:\Users\rodri\.javacpp\cache\opencv-windows-x86_64.jar\org\bytedeco\javacpp\windows-x86_64\jniopencv_videoio.dll
0x00007fff174d0000 - 0x00007fff17542000 	C:\Windows\SYSTEM32\MMDevAPI.DLL
0x00007fff191d0000 - 0x00007fff19353000 	C:\Windows\SYSTEM32\PROPSYS.dll
0x00007fff0edd0000 - 0x00007fff0ee11000 	C:\Windows\SYSTEM32\wdmaud.drv
0x00007fff14f20000 - 0x00007fff14f2b000 	C:\Windows\SYSTEM32\AVRT.dll
0x00007fff0aa80000 - 0x00007fff0ab05000 	C:\Windows\SYSTEM32\AUDIOSES.DLL
0x00007fff179f0000 - 0x00007fff17b21000 	C:\Windows\SYSTEM32\wintypes.dll
0x00007fff14380000 - 0x00007fff1438c000 	C:\Windows\SYSTEM32\msacm32.drv
0x00007fff12a00000 - 0x00007fff12a0a000 	C:\Windows\SYSTEM32\midimap.dll
0x00007fff0d2c0000 - 0x00007fff0d2d6000 	C:\Windows\SYSTEM32\vfwwdm32.dll
0x00007ffefb460000 - 0x00007ffefb503000 	C:\Users\rodri\.javacpp\cache\ffmpeg-windows-x86_64.jar\org\bytedeco\javacpp\windows-x86_64\avutil-55.dll
0x000000006fe00000 - 0x000000006fe81000 	C:\Users\rodri\.javacpp\cache\ffmpeg-windows-x86_64.jar\org\bytedeco\javacpp\windows-x86_64\jniavutil.dll
0x00007ffeffc20000 - 0x00007ffeffc48000 	C:\Users\rodri\.javacpp\cache\ffmpeg-windows-x86_64.jar\org\bytedeco\javacpp\windows-x86_64\swresample-2.dll
0x0000000070080000 - 0x00000000700ad000 	C:\Users\rodri\.javacpp\cache\ffmpeg-windows-x86_64.jar\org\bytedeco\javacpp\windows-x86_64\jniswresample.dll
0x00007ffef6860000 - 0x00007ffef8596000 	C:\Users\rodri\.javacpp\cache\ffmpeg-windows-x86_64.jar\org\bytedeco\javacpp\windows-x86_64\avcodec-57.dll
0x000000006a1c0000 - 0x000000006a259000 	C:\Users\rodri\.javacpp\cache\ffmpeg-windows-x86_64.jar\org\bytedeco\javacpp\windows-x86_64\jniavcodec.dll
0x00007ffefb0d0000 - 0x00007ffefb45e000 	C:\Users\rodri\.javacpp\cache\ffmpeg-windows-x86_64.jar\org\bytedeco\javacpp\windows-x86_64\avformat-57.dll
0x00007fff125e0000 - 0x00007fff125ec000 	C:\Windows\SYSTEM32\Secur32.dll

VM Arguments:
jvm_args: -Dfile.encoding=UTF-8 -Djava.library.path=C:\cv\opencv\build\java\x64 
java_command: C:\Users\rodri\OneDrive\Documentos\NetBeansProjects\Sensor\dist\run1174306554\Sensor.jar
java_class_path (initial): C:\Users\rodri\OneDrive\Documentos\NetBeansProjects\Sensor\dist\run1174306554\Sensor.jar
Launcher Type: SUN_STANDARD

Environment Variables:
PATH=C:\ProgramData\Oracle\Java\javapath;C:\Windows\system32;C:\Windows;C:\Windows\System32\Wbem;C:\Windows\System32\WindowsPowerShell\v1.0\;C:\Program Files\nodejs\;C:\Users\rodri\AppData\Roaming\npm
USERNAME=rodri
OS=Windows_NT
PROCESSOR_IDENTIFIER=Intel64 Family 6 Model 42 Stepping 7, GenuineIntel



---------------  S Y S T E M  ---------------

OS: Windows 10.0 , 64 bit Build 10240 (10.0.10240.17113)

CPU:total 4 (2 cores per cpu, 2 threads per core) family 6 model 42 stepping 7, cmov, cx8, fxsr, mmx, sse, sse2, sse3, ssse3, sse4.1, sse4.2, popcnt, avx, aes, clmul, ht, tsc, tscinvbit

Memory: 4k page, physical 8335196k(3688620k free), swap 9645916k(3967136k free)

vm_info: Java HotSpot(TM) 64-Bit Server VM (25.121-b13) for windows-amd64 JRE (1.8.0_121-b13), built on Dec 12 2016 18:21:36 by "java_re" with MS VC++ 10.0 (VS2010)

time: Sun Oct 15 12:36:58 2017
elapsed time: 36 seconds (0d 0h 0m 36s)

